<?xml version="1.0" encoding="UTF-8"?>
<testsuite xmlns:xsi="http://www.w3.org/2001/XMLSchema-instance" xsi:noNamespaceSchemaLocation="https://maven.apache.org/surefire/maven-surefire-plugin/xsd/surefire-test-report-3.0.xsd" version="3.0" name="org.example.handle_excel.CourseTest" time="0.024" tests="2" errors="0" skipped="0" failures="0">
  <properties>
[...]
</properties>
  <testcase name="test3" classname="org.example.handle_excel.CourseTest" time="0.007">
    <system-out><![CDATA[2024-12-24T20:19:12.508+08:00  INFO 15268 --- [handle_excel] [           main] t.c.s.AnnotationConfigContextLoaderUtils : Could not detect default configuration classes for test class [org.example.handle_excel.CourseTest]: CourseTest does not declare any static, non-private, non-final, nested classes annotated with @Configuration.
2024-12-24T20:19:12.511+08:00  INFO 15268 --- [handle_excel] [           main] .b.t.c.SpringBootTestContextBootstrapper : Found @SpringBootConfiguration org.example.handle_excel.HandleExcelApplication for test class org.example.handle_excel.CourseTest
提取到的括号内容数量: 2
第1个括号内容拆分后的结果: [(, 武术校本课程, )]
第2个括号内容拆分后的结果: [(, 二上, )]
]]></system-out>
  </testcase>
  <testcase name="test4" classname="org.example.handle_excel.CourseTest" time="0.004">
    <system-out><![CDATA[去掉括号后的字符串: 体育二
]]></system-out>
  </testcase>
</testsuite>